<?xml version="1.0" encoding="UTF-8"?>
<!-- Generated by org.testng.reporters.JUnitXMLReporter -->
<testsuite hostname="RSI1593" ignored="0" name="Default test" tests="2" failures="0" timestamp="2020-01-28T09:13:16 GMT-03:00" time="26.861" errors="0">
  <testcase name="PesquisaLupa" time="1.725" classname="br.com.rsinet.hub_TDD.tests.TestPesquisaNaLupa"/>
  <testcase name="PesqLupaNenhumProduto" time="1.328" classname="br.com.rsinet.hub_TDD.tests.TestPesquisaNaLupa"/>
</testsuite> <!-- Default test -->
