<?xml version="1.0" encoding="UTF-8"?>
<!-- Generated by org.testng.reporters.JUnitXMLReporter -->
<testsuite ignored="0" hostname="RSI1593" failures="0" tests="2" name="Default test" time="25.248" errors="0" timestamp="2020-01-27T11:05:54 GMT-03:00">
  <testcase classname="br.com.rsinet.hub_TDD.tests.TestPesquisaNaLupa" name="PesquisaLupa" time="1.41"/>
  <testcase classname="br.com.rsinet.hub_TDD.tests.TestPesquisaNaLupa" name="PesqLupaNenhumProduto" time="1.261"/>
</testsuite> <!-- Default test -->
