<?xml version="1.0" encoding="UTF-8"?>
<testng-results ignored="0" total="2" passed="2" failed="0" skipped="0">
  <reporter-output>
  </reporter-output>
  <suite started-at="2020-01-24T11:15:13 GMT-03:00" name="Default suite" finished-at="2020-01-24T11:15:39 GMT-03:00" duration-ms="26502">
    <groups>
    </groups>
    <test started-at="2020-01-24T11:15:13 GMT-03:00" name="Default test" finished-at="2020-01-24T11:15:39 GMT-03:00" duration-ms="26502">
      <class name="br.com.rsinet.HUB_TDD.tests.TestPesquisaNaLupa">
        <test-method is-config="true" signature="report()[pri:0, instance:br.com.rsinet.HUB_TDD.tests.TestPesquisaNaLupa@47542153]" started-at="2020-01-24T11:15:13 GMT-03:00" name="report" finished-at="2020-01-24T11:15:13 GMT-03:00" duration-ms="139" status="PASS">
          <reporter-output>
          </reporter-output>
        </test-method> <!-- report -->
        <test-method is-config="true" signature="url()[pri:0, instance:br.com.rsinet.HUB_TDD.tests.TestPesquisaNaLupa@47542153]" started-at="2020-01-24T11:15:13 GMT-03:00" name="url" finished-at="2020-01-24T11:15:23 GMT-03:00" duration-ms="10511" status="PASS">
          <reporter-output>
          </reporter-output>
        </test-method> <!-- url -->
        <test-method signature="PesquisaLupa()[pri:0, instance:br.com.rsinet.HUB_TDD.tests.TestPesquisaNaLupa@47542153]" started-at="2020-01-24T11:15:23 GMT-03:00" name="PesquisaLupa" finished-at="2020-01-24T11:15:25 GMT-03:00" duration-ms="1908" status="PASS">
          <reporter-output>
          </reporter-output>
        </test-method> <!-- PesquisaLupa -->
        <test-method is-config="true" signature="fechar(org.testng.ITestResult)[pri:0, instance:br.com.rsinet.HUB_TDD.tests.TestPesquisaNaLupa@47542153]" started-at="2020-01-24T11:15:25 GMT-03:00" name="fechar" finished-at="2020-01-24T11:15:27 GMT-03:00" duration-ms="1340" status="PASS">
          <params>
            <param index="0">
              <value>
                <![CDATA[[TestResult name=PesquisaLupa status=SUCCESS method=TestPesquisaNaLupa.PesquisaLupa()[pri:0, instance:br.com.rsinet.HUB_TDD.tests.TestPesquisaNaLupa@47542153] output={null}]]]>
              </value>
            </param>
          </params>
          <reporter-output>
          </reporter-output>
        </test-method> <!-- fechar -->
        <test-method is-config="true" signature="url()[pri:0, instance:br.com.rsinet.HUB_TDD.tests.TestPesquisaNaLupa@47542153]" started-at="2020-01-24T11:15:27 GMT-03:00" name="url" finished-at="2020-01-24T11:15:37 GMT-03:00" duration-ms="10078" status="PASS">
          <reporter-output>
          </reporter-output>
        </test-method> <!-- url -->
        <test-method signature="PesqLupaNenhumProduto()[pri:1, instance:br.com.rsinet.HUB_TDD.tests.TestPesquisaNaLupa@47542153]" started-at="2020-01-24T11:15:37 GMT-03:00" name="PesqLupaNenhumProduto" finished-at="2020-01-24T11:15:38 GMT-03:00" duration-ms="1403" status="PASS">
          <reporter-output>
          </reporter-output>
        </test-method> <!-- PesqLupaNenhumProduto -->
        <test-method is-config="true" signature="fechar(org.testng.ITestResult)[pri:0, instance:br.com.rsinet.HUB_TDD.tests.TestPesquisaNaLupa@47542153]" started-at="2020-01-24T11:15:38 GMT-03:00" name="fechar" finished-at="2020-01-24T11:15:39 GMT-03:00" duration-ms="1090" status="PASS">
          <params>
            <param index="0">
              <value>
                <![CDATA[[TestResult name=PesqLupaNenhumProduto status=SUCCESS method=TestPesquisaNaLupa.PesqLupaNenhumProduto()[pri:1, instance:br.com.rsinet.HUB_TDD.tests.TestPesquisaNaLupa@47542153] output={null}]]]>
              </value>
            </param>
          </params>
          <reporter-output>
          </reporter-output>
        </test-method> <!-- fechar -->
      </class> <!-- br.com.rsinet.HUB_TDD.tests.TestPesquisaNaLupa -->
    </test> <!-- Default test -->
  </suite> <!-- Default suite -->
</testng-results>
